<?xml version="1.0" encoding="UTF-8"?>
<!-- Generated by org.testng.reporters.JUnitReportReporter -->
<testsuite hostname="D-L18-G" failures="0" tests="1" name="hackerRank.Array" time="0.012" errors="0" timestamp="2024-07-19T22:35:13 IST" skipped="0">
  <testcase classname="hackerRank.Array" name="main" time="0.012"/>
</testsuite> <!-- hackerRank.Array -->
