<?xml version="1.0" encoding="UTF-8"?>
<!-- Generated by org.testng.reporters.JUnitReportReporter -->
<testsuite hostname="D-L18-G" failures="0" tests="1" name="hackerRamk.IndicesSumequalToTarget" time="0.018" errors="0" timestamp="2024-07-20T00:17:48 IST" skipped="0">
  <testcase classname="hackerRamk.IndicesSumequalToTarget" name="longestSubstring" time="0.018"/>
</testsuite> <!-- hackerRamk.IndicesSumequalToTarget -->
