<?xml version="1.0" encoding="UTF-8"?>
<!-- Generated by org.testng.reporters.JUnitReportReporter -->
<testsuite hostname="D-L18-G" failures="0" tests="1" name="arrayPrograms.BasicArrayPrograms" time="0.019" errors="0" timestamp="2024-07-17T16:57:51 IST" skipped="0">
  <testcase classname="arrayPrograms.BasicArrayPrograms" name="missingNumber" time="0.019"/>
</testsuite> <!-- arrayPrograms.BasicArrayPrograms -->
