<?xml version="1.0" encoding="UTF-8"?>
<!-- Generated by org.testng.reporters.JUnitReportReporter -->
<testsuite hostname="D-L18-G" failures="0" tests="1" name="PrintElementPresentInAnArray" time="0.017" errors="0" timestamp="2024-07-10T11:48:52 IST" skipped="0">
  <testcase classname="PrintElementPresentInAnArray" name="copyOneElementArrayToAnotherArrayInReverse" time="0.017"/>
</testsuite> <!-- PrintElementPresentInAnArray -->
