<?xml version="1.0" encoding="UTF-8"?>
<!-- Generated by org.testng.reporters.JUnitReportReporter -->
<testsuite hostname="D-L18-G" failures="0" tests="1" name="stringPrograms.Regex1" time="0.019" errors="0" timestamp="2024-07-29T18:30:50 IST" skipped="0">
  <testcase classname="stringPrograms.Regex1" name="Five" time="0.019"/>
</testsuite> <!-- stringPrograms.Regex1 -->
