<?xml version="1.0" encoding="UTF-8"?>
<!-- Generated by org.testng.reporters.JUnitReportReporter -->
<testsuite hostname="D-L18-G" failures="0" tests="1" name="arrayPrograms.ArrayPrograms" time="0.017" errors="0" timestamp="2024-07-10T12:28:08 IST" skipped="0">
  <testcase classname="arrayPrograms.ArrayPrograms" name="mergeTwoArrays2" time="0.017"/>
</testsuite> <!-- arrayPrograms.ArrayPrograms -->
