<?xml version="1.0" encoding="UTF-8"?>
<!-- Generated by org.testng.reporters.JUnitReportReporter -->
<testsuite hostname="D-L18-G" failures="0" tests="1" name="arrayPrograms.MissingNumberInAnArray" time="0.017" errors="0" timestamp="2024-07-17T17:11:35 IST" skipped="0">
  <testcase classname="arrayPrograms.MissingNumberInAnArray" name="missingNumber" time="0.017"/>
</testsuite> <!-- arrayPrograms.MissingNumberInAnArray -->
